<?xml version="1.0" encoding="UTF-8"?>
<testng-results skipped="0" failed="0" ignored="0" total="2" passed="2">
  <reporter-output>
  </reporter-output>
  <suite name="Default suite" duration-ms="28981" started-at="2021-02-14T16:49:46Z" finished-at="2021-02-14T16:50:15Z">
    <groups>
    </groups>
    <test name="Default test" duration-ms="28981" started-at="2021-02-14T16:49:46Z" finished-at="2021-02-14T16:50:15Z">
      <class name="testCases.LoginPageTest">
        <test-method status="PASS" signature="setUp()[pri:0, instance:testCases.LoginPageTest@1a04f701]" name="setUp" is-config="true" duration-ms="7647" started-at="2021-02-14T16:49:46Z" finished-at="2021-02-14T16:49:54Z">
          <reporter-output>
          </reporter-output>
        </test-method> <!-- setUp -->
        <test-method status="PASS" signature="LoginTest()[pri:0, instance:testCases.LoginPageTest@1a04f701]" name="LoginTest" duration-ms="6680" started-at="2021-02-14T16:49:54Z" finished-at="2021-02-14T16:50:00Z">
          <reporter-output>
          </reporter-output>
        </test-method> <!-- LoginTest -->
        <test-method status="PASS" signature="tearDown()[pri:0, instance:testCases.LoginPageTest@1a04f701]" name="tearDown" is-config="true" duration-ms="4811" started-at="2021-02-14T16:50:00Z" finished-at="2021-02-14T16:50:05Z">
          <reporter-output>
          </reporter-output>
        </test-method> <!-- tearDown -->
        <test-method status="PASS" signature="setUp()[pri:0, instance:testCases.LoginPageTest@1a04f701]" name="setUp" is-config="true" duration-ms="4561" started-at="2021-02-14T16:50:05Z" finished-at="2021-02-14T16:50:10Z">
          <reporter-output>
          </reporter-output>
        </test-method> <!-- setUp -->
        <test-method status="PASS" signature="loginpageTitleTest()[pri:2, instance:testCases.LoginPageTest@1a04f701]" name="loginpageTitleTest" duration-ms="4384" started-at="2021-02-14T16:50:10Z" finished-at="2021-02-14T16:50:14Z">
          <reporter-output>
          </reporter-output>
        </test-method> <!-- loginpageTitleTest -->
        <test-method status="PASS" signature="tearDown()[pri:0, instance:testCases.LoginPageTest@1a04f701]" name="tearDown" is-config="true" duration-ms="838" started-at="2021-02-14T16:50:14Z" finished-at="2021-02-14T16:50:15Z">
          <reporter-output>
          </reporter-output>
        </test-method> <!-- tearDown -->
      </class> <!-- testCases.LoginPageTest -->
    </test> <!-- Default test -->
  </suite> <!-- Default suite -->
</testng-results>
